<?xml version="1.0" encoding="UTF-8"?>
<testsuite name="com.example.stocksheet.SimpleTest" tests="1" skipped="0" failures="0" errors="0" timestamp="2026-01-19T19:49:51.336Z" hostname="VGW4020" time="0.234">
  <properties/>
  <testcase name="returns 4" classname="com.example.stocksheet.SimpleTest" time="0.234"/>
  <system-out><![CDATA[20:49:48.435 [Test worker @coroutine#2] INFO org.springframework.test.context.support.AnnotationConfigContextLoaderUtils -- Could not detect default configuration classes for test class [com.example.stocksheet.SimpleTest]: SimpleTest does not declare any static, non-private, non-final, nested classes annotated with @Configuration.
20:49:48.444 [Test worker @coroutine#2] INFO org.testcontainers.DockerClientFactory -- Testcontainers version: 2.0.3
20:49:48.526 [Test worker @coroutine#2] INFO org.testcontainers.dockerclient.DockerClientProviderStrategy -- Loaded org.testcontainers.dockerclient.UnixSocketClientProviderStrategy from ~/.testcontainers.properties, will try it first
20:49:48.696 [Test worker @coroutine#2] INFO org.testcontainers.dockerclient.DockerClientProviderStrategy -- Found Docker environment with local Unix socket (unix:///var/run/docker.sock)
20:49:48.696 [Test worker @coroutine#2] INFO org.testcontainers.DockerClientFactory -- Docker host IP address is localhost
20:49:48.709 [Test worker @coroutine#2] INFO org.testcontainers.DockerClientFactory -- Connected to docker: 
  Server Version: 28.5.1
  API Version: 1.51
  Operating System: Docker Desktop
  Total Memory: 7836 MB
  Labels: 
    com.docker.desktop.address=unix:///Users/krzysztof.nofz/Library/Containers/com.docker.docker/Data/docker-cli.sock
20:49:48.778 [Test worker @coroutine#2] INFO tc.testcontainers/ryuk:0.13.0 -- Creating container for image: testcontainers/ryuk:0.13.0
20:49:48.842 [Test worker @coroutine#2] INFO org.testcontainers.utility.RegistryAuthLocator -- Credential helper/store (docker-credential-desktop) does not have credentials for https://index.docker.io/v1/
20:49:48.898 [Test worker @coroutine#2] INFO tc.testcontainers/ryuk:0.13.0 -- Container testcontainers/ryuk:0.13.0 is starting: 23fb245a3b1267fdf8052e42a2a82f2cdd237ce752f10c4d0ed633b6eeeb5504
20:49:49.032 [Test worker @coroutine#2] INFO tc.testcontainers/ryuk:0.13.0 -- Container testcontainers/ryuk:0.13.0 started in PT0.253602S
20:49:49.035 [Test worker @coroutine#2] INFO org.testcontainers.utility.RyukResourceReaper -- Ryuk started - will monitor and terminate Testcontainers containers on JVM exit
20:49:49.035 [Test worker @coroutine#2] INFO org.testcontainers.DockerClientFactory -- Checking the system...
20:49:49.035 [Test worker @coroutine#2] INFO org.testcontainers.DockerClientFactory -- ✔︎ Docker server version should be at least 1.6.0
20:49:49.086 [Test worker @coroutine#2] INFO org.springframework.boot.test.context.SpringBootTestContextBootstrapper -- Found @SpringBootConfiguration com.example.stocksheet.StockSheetApplication for test class com.example.stocksheet.SimpleTest

  .   ____          _            __ _ _
 /\\ / ___'_ __ _ _(_)_ __  __ _ \ \ \ \
( ( )\___ | '_ | '_| | '_ \/ _` | \ \ \ \
 \\/  ___)| |_)| | | | | || (_| |  ) ) ) )
  '  |____| .__|_| |_|_| |_\__, | / / / /
 =========|_|==============|___/=/_/_/_/

 :: Spring Boot ::                (v4.0.1)

2026-01-19T20:49:49.235+01:00  INFO 44152 --- [stock-sheet] [er @coroutine#2] com.example.stocksheet.SimpleTest        : Starting SimpleTest using Java 21.0.8 with PID 44152 (started by krzysztof.nofz in /Users/krzysztof.nofz/Documents/stock-sheet)
2026-01-19T20:49:49.236+01:00  INFO 44152 --- [stock-sheet] [er @coroutine#2] com.example.stocksheet.SimpleTest        : No active profile set, falling back to 1 default profile: "default"
2026-01-19T20:49:49.435+01:00  INFO 44152 --- [stock-sheet] [er @coroutine#2] .s.d.r.c.RepositoryConfigurationDelegate : Bootstrapping Spring Data JPA repositories in DEFAULT mode.
2026-01-19T20:49:49.445+01:00  INFO 44152 --- [stock-sheet] [er @coroutine#2] .s.d.r.c.RepositoryConfigurationDelegate : Finished Spring Data repository scanning in 6 ms. Found 0 JPA repository interfaces.
2026-01-19T20:49:49.550+01:00  INFO 44152 --- [stock-sheet] [er @coroutine#2] tc.postgres:16-alpine                    : Creating container for image: postgres:16-alpine
2026-01-19T20:49:49.585+01:00  INFO 44152 --- [stock-sheet] [er @coroutine#2] tc.postgres:16-alpine                    : Container postgres:16-alpine is starting: 022cb780003a1d605289f92340a5a05109910f69df8258e265e350051e62ae45
2026-01-19T20:49:50.273+01:00  INFO 44152 --- [stock-sheet] [er @coroutine#2] tc.postgres:16-alpine                    : Container postgres:16-alpine started in PT0.723511S
2026-01-19T20:49:50.275+01:00  INFO 44152 --- [stock-sheet] [er @coroutine#2] tc.postgres:16-alpine                    : Container is started (JDBC URL: jdbc:postgresql://localhost:50592/test?loggerLevel=OFF)
2026-01-19T20:49:50.500+01:00  INFO 44152 --- [stock-sheet] [er @coroutine#2] org.flywaydb.core.FlywayExecutor         : Database: jdbc:postgresql://localhost:50592/test?loggerLevel=OFF (PostgreSQL 16.11)
2026-01-19T20:49:50.520+01:00  INFO 44152 --- [stock-sheet] [er @coroutine#2] o.f.c.i.s.JdbcTableSchemaHistory         : Schema history table "public"."flyway_schema_history" does not exist yet
2026-01-19T20:49:50.521+01:00  INFO 44152 --- [stock-sheet] [er @coroutine#2] o.f.core.internal.command.DbValidate     : Successfully validated 0 migrations (execution time 00:00.004s)
2026-01-19T20:49:50.521+01:00  WARN 44152 --- [stock-sheet] [er @coroutine#2] o.f.core.internal.command.DbValidate     : No migrations found. Are your locations set up correctly?
2026-01-19T20:49:50.529+01:00  INFO 44152 --- [stock-sheet] [er @coroutine#2] org.flywaydb.core.Flyway                 : All configured schemas are empty; baseline operation skipped. A baseline or migration script with a lower version than the baseline version may execute if available. Check the Schemas parameter if this is not intended.
2026-01-19T20:49:50.532+01:00  INFO 44152 --- [stock-sheet] [er @coroutine#2] o.f.c.i.s.JdbcTableSchemaHistory         : Creating Schema History table "public"."flyway_schema_history" ...
2026-01-19T20:49:50.561+01:00  INFO 44152 --- [stock-sheet] [er @coroutine#2] o.f.core.internal.command.DbMigrate      : Current version of schema "public": << Empty Schema >>
2026-01-19T20:49:50.563+01:00  INFO 44152 --- [stock-sheet] [er @coroutine#2] o.f.core.internal.command.DbMigrate      : Schema "public" is up to date. No migration necessary.
2026-01-19T20:49:50.598+01:00  INFO 44152 --- [stock-sheet] [er @coroutine#2] org.hibernate.orm.jpa                    : HHH008540: Processing PersistenceUnitInfo [name: default]
2026-01-19T20:49:50.620+01:00  INFO 44152 --- [stock-sheet] [er @coroutine#2] org.hibernate.orm.core                   : HHH000001: Hibernate ORM core version 7.2.0.Final
2026-01-19T20:49:50.770+01:00  INFO 44152 --- [stock-sheet] [er @coroutine#2] o.s.o.j.p.SpringPersistenceUnitInfo      : No LoadTimeWeaver setup: ignoring JPA class transformer
2026-01-19T20:49:50.783+01:00  INFO 44152 --- [stock-sheet] [er @coroutine#2] com.zaxxer.hikari.HikariDataSource       : HikariPool-1 - Starting...
2026-01-19T20:49:50.797+01:00  INFO 44152 --- [stock-sheet] [er @coroutine#2] com.zaxxer.hikari.pool.HikariPool        : HikariPool-1 - Added connection org.postgresql.jdbc.PgConnection@16a4e4c9
2026-01-19T20:49:50.797+01:00  INFO 44152 --- [stock-sheet] [er @coroutine#2] com.zaxxer.hikari.HikariDataSource       : HikariPool-1 - Start completed.
2026-01-19T20:49:50.811+01:00  WARN 44152 --- [stock-sheet] [er @coroutine#2] org.hibernate.orm.deprecation            : HHH90000025: PostgreSQLDialect does not need to be specified explicitly using 'hibernate.dialect' (remove the property setting and it will be selected by default)
2026-01-19T20:49:50.823+01:00  INFO 44152 --- [stock-sheet] [er @coroutine#2] org.hibernate.orm.connections.pooling    : HHH10001005: Database info:
	Database JDBC URL [jdbc:postgresql://localhost:50592/test?loggerLevel=OFF]
	Database driver: PostgreSQL JDBC Driver
	Database dialect: PostgreSQLDialect
	Database version: 16.11
	Default catalog/schema: test/public
	Autocommit mode: undefined/unknown
	Isolation level: READ_COMMITTED [default READ_COMMITTED]
	JDBC fetch size: none
	Pool: DataSourceConnectionProvider
	Minimum pool size: undefined/unknown
	Maximum pool size: undefined/unknown
2026-01-19T20:49:50.972+01:00  INFO 44152 --- [stock-sheet] [er @coroutine#2] org.hibernate.orm.core                   : HHH000489: No JTA platform available (set 'hibernate.transaction.jta.platform' to enable JTA platform integration)
2026-01-19T20:49:50.976+01:00  INFO 44152 --- [stock-sheet] [er @coroutine#2] j.LocalContainerEntityManagerFactoryBean : Initialized JPA EntityManagerFactory for persistence unit 'default'
2026-01-19T20:49:51.013+01:00  WARN 44152 --- [stock-sheet] [er @coroutine#2] JpaBaseConfiguration$JpaWebConfiguration : spring.jpa.open-in-view is enabled by default. Therefore, database queries may be performed during view rendering. Explicitly configure spring.jpa.open-in-view to disable this warning
2026-01-19T20:49:51.170+01:00  INFO 44152 --- [stock-sheet] [er @coroutine#2] o.s.b.t.m.w.SpringBootMockServletContext : Initializing Spring TestDispatcherServlet ''
2026-01-19T20:49:51.171+01:00  INFO 44152 --- [stock-sheet] [er @coroutine#2] o.s.t.web.servlet.TestDispatcherServlet  : Initializing Servlet ''
2026-01-19T20:49:51.171+01:00  INFO 44152 --- [stock-sheet] [er @coroutine#2] o.s.t.web.servlet.TestDispatcherServlet  : Completed initialization in 0 ms
2026-01-19T20:49:51.182+01:00  INFO 44152 --- [stock-sheet] [er @coroutine#2] com.example.stocksheet.SimpleTest        : Started SimpleTest in 2.053 seconds (process running for 3.306)
]]></system-out>
  <system-err><![CDATA[Mockito is currently self-attaching to enable the inline-mock-maker. This will no longer work in future releases of the JDK. Please add Mockito as an agent to your build as described in Mockito's documentation: https://javadoc.io/doc/org.mockito/mockito-core/latest/org.mockito/org/mockito/Mockito.html#0.3
WARNING: A Java agent has been loaded dynamically (/Users/krzysztof.nofz/.gradle/caches/modules-2/files-2.1/net.bytebuddy/byte-buddy-agent/1.17.8/f09415827a71be7ed621c7bd02550678f28bc81c/byte-buddy-agent-1.17.8.jar)
WARNING: If a serviceability tool is in use, please run with -XX:+EnableDynamicAgentLoading to hide this warning
WARNING: If a serviceability tool is not in use, please run with -Djdk.instrument.traceUsage for more information
WARNING: Dynamic loading of agents will be disallowed by default in a future release
]]></system-err>
</testsuite>
